<?xml version="1.0" encoding="UTF-8" ?>
<testsuite errors="0" failures="0" hostname="UKCP1027" name="my.coding.challenge.test.BinaryAdditionTest" tests="5" time="0.109" timestamp="2016-04-15T10:41:04">
  <properties>
[...]
</properties>
  <testcase classname="my.coding.challenge.test.BinaryAdditionTest" name="testInvalidResult1" time="0.0" />
  <testcase classname="my.coding.challenge.test.BinaryAdditionTest" name="testValidInput1" time="0.0" />
  <testcase classname="my.coding.challenge.test.BinaryAdditionTest" name="testValidInput2" time="0.0" />
  <testcase classname="my.coding.challenge.test.BinaryAdditionTest" name="testValidInput3" time="0.0" />
  <testcase classname="my.coding.challenge.test.BinaryAdditionTest" name="testValidInput4" time="0.015" />
  <system-out><![CDATA[]]></system-out>
  <system-err><![CDATA[]]></system-err>
</testsuite>
